#
# There is insufficient memory for the Java Runtime Environment to continue.
# Native memory allocation (malloc) failed to allocate 1750688 bytes. Error detail: Chunk::new
# Possible reasons:
#   The system is out of physical RAM or swap space
#   This process is running with CompressedOops enabled, and the Java Heap may be blocking the growth of the native heap
# Possible solutions:
#   Reduce memory load on the system
#   Increase physical memory or swap space
#   Check if swap backing store is full
#   Decrease Java heap size (-Xmx/-Xms)
#   Decrease number of Java threads
#   Decrease Java thread stack sizes (-Xss)
#   Set larger code cache with -XX:ReservedCodeCacheSize=
#   JVM is running with Unscaled Compressed Oops mode in which the Java heap is
#     placed in the first 4GB address space. The Java Heap base address is the
#     maximum limit for the native heap growth. Please use -XX:HeapBaseMinAddress
#     to set the Java Heap base and to place the Java Heap above 4GB virtual address.
# This output file may be truncated or incomplete.
#
#  Out of Memory Error (arena.cpp:168), pid=2944, tid=13300
#
# JRE version: OpenJDK Runtime Environment Temurin-21.0.8+9 (21.0.8+9) (build 21.0.8+9-LTS)
# Java VM: OpenJDK 64-Bit Server VM Temurin-21.0.8+9 (21.0.8+9-LTS, mixed mode, sharing, tiered, compressed oops, compressed class ptrs, parallel gc, windows-amd64)
# No core dump will be written. Minidumps are not enabled by default on client versions of Windows
#

---------------  S U M M A R Y ------------

Command Line: --add-modules=ALL-SYSTEM --add-opens=java.base/java.util=ALL-UNNAMED --add-opens=java.base/java.lang=ALL-UNNAMED --add-opens=java.base/sun.nio.fs=ALL-UNNAMED -Declipse.application=org.eclipse.jdt.ls.core.id1 -Dosgi.bundles.defaultStartLevel=4 -Declipse.product=org.eclipse.jdt.ls.core.product -Djava.import.generatesMetadataFilesAtProjectRoot=false -DDetectVMInstallationsJob.disabled=true -Dfile.encoding=utf8 -XX:+UseParallelGC -XX:GCTimeRatio=4 -XX:AdaptiveSizePolicyWeight=90 -Dsun.zip.disableMemoryMapping=true -Xmx2G -Xms100m -Xlog:disable -javaagent:c:\Users\Etudiant\.vscode\extensions\redhat.java-1.46.2025091008-win32-x64\lombok\lombok-1.18.39-4050.jar -XX:+HeapDumpOnOutOfMemoryError -XX:HeapDumpPath=c:\Users\Etudiant\AppData\Roaming\Code\User\workspaceStorage\b32271d36bb01b0f30b0f0442a149570\redhat.java -Daether.dependencyCollector.impl=bf -XX:+UnlockDiagnosticVMOptions -XX:+AllowArchivingWithJavaAgent -XX:+AutoCreateSharedArchive -XX:SharedArchiveFile=c:\Users\Etudiant\AppData\Roaming\Code\User\globalStorage\redhat.java\1.46.2025091008\jdtls.jsa c:\Users\Etudiant\.vscode\extensions\redhat.java-1.46.2025091008-win32-x64\server\plugins\org.eclipse.equinox.launcher_1.7.0.v20250519-0528.jar -configuration c:\Users\Etudiant\AppData\Roaming\Code\User\globalStorage\redhat.java\1.46.2025091008\config_win -data c:\Users\Etudiant\AppData\Roaming\Code\User\workspaceStorage\b32271d36bb01b0f30b0f0442a149570\redhat.java\jdt_ws --pipe=\\.\pipe\lsp-1c0308816dfdc34b7877936cfa741494-sock

Host: Intel(R) Core(TM) i5-8350U CPU @ 1.70GHz, 8 cores, 15G,  Windows 11 , 64 bit Build 26100 (10.0.26100.4202)
Time: Wed Sep 10 17:14:32 2025 elapsed time: 11.933025 seconds (0d 0h 0m 11s)

---------------  T H R E A D  ---------------

Current thread (0x000001980a4b9470):  JavaThread "C2 CompilerThread0" daemon [_thread_in_native, id=13300, stack(0x0000006eb8b00000,0x0000006eb8c00000) (1024K)]


Current CompileTask:
C2:11933 3631       4       java.lang.invoke.MethodType::makeImpl (109 bytes)

Stack: [0x0000006eb8b00000,0x0000006eb8c00000]
Native frames: (J=compiled Java code, j=interpreted, Vv=VM code, C=native code)
V  [jvm.dll+0x6d2449]
V  [jvm.dll+0x8ae341]
V  [jvm.dll+0x8b08be]
V  [jvm.dll+0x8b0fa3]
V  [jvm.dll+0x280c96]
V  [jvm.dll+0xc581d]
V  [jvm.dll+0xc5d53]
V  [jvm.dll+0x3b919c]
V  [jvm.dll+0x385315]
V  [jvm.dll+0x38477a]
V  [jvm.dll+0x248ed0]
V  [jvm.dll+0x2484af]
V  [jvm.dll+0x1c89ee]
V  [jvm.dll+0x257d4d]
V  [jvm.dll+0x2562ea]
V  [jvm.dll+0x3f2d16]
V  [jvm.dll+0x857e6b]
V  [jvm.dll+0x6d0b0d]
C  [ucrtbase.dll+0x37b0]
C  [KERNEL32.DLL+0x2e8d7]
C  [ntdll.dll+0x3c34c]


---------------  P R O C E S S  ---------------

Threads class SMR info:
_java_thread_list=0x0000019811a10ba0, length=25, elements={
0x00000197b1eb21e0, 0x00000197c88ccef0, 0x000001980a4a52e0, 0x000001980a4a7f70,
0x000001980a4abf70, 0x000001980a4ae450, 0x000001980a4b6c50, 0x000001980a4b9470,
0x000001980a4bd900, 0x000001980a581d00, 0x000001980b644420, 0x000001981034b410,
0x000001981034a060, 0x000001981034a6f0, 0x000001981034ad80, 0x000001981034c7c0,
0x000001981034baa0, 0x000001981034d4e0, 0x00000198104d1610, 0x00000198104d36e0,
0x00000198104d3050, 0x000001980bd715e0, 0x000001980bb50b60, 0x00000198104d1ca0,
0x00000198104d3d70
}

Java Threads: ( => current thread )
  0x00000197b1eb21e0 JavaThread "main"                              [_thread_blocked, id=6516, stack(0x0000006eb8100000,0x0000006eb8200000) (1024K)]
  0x00000197c88ccef0 JavaThread "Reference Handler"          daemon [_thread_blocked, id=1952, stack(0x0000006eb8500000,0x0000006eb8600000) (1024K)]
  0x000001980a4a52e0 JavaThread "Finalizer"                  daemon [_thread_blocked, id=6232, stack(0x0000006eb8600000,0x0000006eb8700000) (1024K)]
  0x000001980a4a7f70 JavaThread "Signal Dispatcher"          daemon [_thread_blocked, id=2468, stack(0x0000006eb8700000,0x0000006eb8800000) (1024K)]
  0x000001980a4abf70 JavaThread "Attach Listener"            daemon [_thread_blocked, id=12616, stack(0x0000006eb8800000,0x0000006eb8900000) (1024K)]
  0x000001980a4ae450 JavaThread "Service Thread"             daemon [_thread_blocked, id=12200, stack(0x0000006eb8900000,0x0000006eb8a00000) (1024K)]
  0x000001980a4b6c50 JavaThread "Monitor Deflation Thread"   daemon [_thread_blocked, id=16496, stack(0x0000006eb8a00000,0x0000006eb8b00000) (1024K)]
=>0x000001980a4b9470 JavaThread "C2 CompilerThread0"         daemon [_thread_in_native, id=13300, stack(0x0000006eb8b00000,0x0000006eb8c00000) (1024K)]
  0x000001980a4bd900 JavaThread "C1 CompilerThread0"         daemon [_thread_in_native, id=11560, stack(0x0000006eb8c00000,0x0000006eb8d00000) (1024K)]
  0x000001980a581d00 JavaThread "Common-Cleaner"             daemon [_thread_blocked, id=7860, stack(0x0000006eb8d00000,0x0000006eb8e00000) (1024K)]
  0x000001980b644420 JavaThread "Notification Thread"        daemon [_thread_blocked, id=13572, stack(0x0000006eb8f00000,0x0000006eb9000000) (1024K)]
  0x000001981034b410 JavaThread "Active Thread: Equinox Container: 5d045cbf-8a62-4d25-84ad-25c283c60839"        [_thread_blocked, id=17132, stack(0x0000006eb9d00000,0x0000006eb9e00000) (1024K)]
  0x000001981034a060 JavaThread "Framework Event Dispatcher: Equinox Container: 5d045cbf-8a62-4d25-84ad-25c283c60839" daemon [_thread_blocked, id=13868, stack(0x0000006eb9600000,0x0000006eb9700000) (1024K)]
  0x000001981034a6f0 JavaThread "Start Level: Equinox Container: 5d045cbf-8a62-4d25-84ad-25c283c60839" daemon [_thread_in_vm, id=8076, stack(0x0000006eb9e00000,0x0000006eb9f00000) (1024K)]
  0x000001981034ad80 JavaThread "Refresh Thread: Equinox Container: 5d045cbf-8a62-4d25-84ad-25c283c60839" daemon [_thread_blocked, id=7596, stack(0x0000006eba000000,0x0000006eba100000) (1024K)]
  0x000001981034c7c0 JavaThread "Bundle File Closer"         daemon [_thread_blocked, id=7076, stack(0x0000006eb9f00000,0x0000006eba000000) (1024K)]
  0x000001981034baa0 JavaThread "SCR Component Actor"        daemon [_thread_blocked, id=11280, stack(0x0000006eba100000,0x0000006eba200000) (1024K)]
  0x000001981034d4e0 JavaThread "SCR Component Registry"     daemon [_thread_blocked, id=4112, stack(0x0000006eba400000,0x0000006eba500000) (1024K)]
  0x00000198104d1610 JavaThread "Worker-JM"                         [_thread_blocked, id=1328, stack(0x0000006eba600000,0x0000006eba700000) (1024K)]
  0x00000198104d36e0 JavaThread "Worker-0"                          [_thread_blocked, id=2508, stack(0x0000006eba500000,0x0000006eba600000) (1024K)]
  0x00000198104d3050 JavaThread "Worker-1: Updating Maven Dependencies"        [_thread_in_vm, id=9220, stack(0x0000006eba700000,0x0000006eba800000) (1024K)]
  0x000001980bd715e0 JavaThread "C2 CompilerThread1"         daemon [_thread_in_native, id=9488, stack(0x0000006eba800000,0x0000006eba900000) (1024K)]
  0x000001980bb50b60 JavaThread "C2 CompilerThread2"         daemon [_thread_in_native, id=8072, stack(0x0000006eb9700000,0x0000006eb9800000) (1024K)]
  0x00000198104d1ca0 JavaThread "Worker-2: Repository registry initialization"        [_thread_in_vm, id=7828, stack(0x0000006eb9800000,0x0000006eb9900000) (1024K)]
  0x00000198104d3d70 JavaThread "Worker-3"                          [_thread_blocked, id=13128, stack(0x0000006eb9900000,0x0000006eb9a00000) (1024K)]
Total: 25

Other Threads:
  0x000001980a4a3440 VMThread "VM Thread"                           [id=17244, stack(0x0000006eb8400000,0x0000006eb8500000) (1024K)]
  0x00000197c87eda20 WatcherThread "VM Periodic Task Thread"        [id=9072, stack(0x0000006eb8300000,0x0000006eb8400000) (1024K)]
  0x00000197b1ed1250 WorkerThread "GC Thread#0"                     [id=13120, stack(0x0000006eb8200000,0x0000006eb8300000) (1024K)]
  0x000001980b802b40 WorkerThread "GC Thread#1"                     [id=13488, stack(0x0000006eb9000000,0x0000006eb9100000) (1024K)]
  0x000001980ba0e050 WorkerThread "GC Thread#2"                     [id=5380, stack(0x0000006eb9100000,0x0000006eb9200000) (1024K)]
  0x000001980ba0e3f0 WorkerThread "GC Thread#3"                     [id=6552, stack(0x0000006eb9200000,0x0000006eb9300000) (1024K)]
  0x000001980ba0e790 WorkerThread "GC Thread#4"                     [id=17128, stack(0x0000006eb9300000,0x0000006eb9400000) (1024K)]
  0x000001980b802ee0 WorkerThread "GC Thread#5"                     [id=17256, stack(0x0000006eb9400000,0x0000006eb9500000) (1024K)]
  0x000001980b803280 WorkerThread "GC Thread#6"                     [id=13584, stack(0x0000006eb9500000,0x0000006eb9600000) (1024K)]
  0x00000198103b5b20 WorkerThread "GC Thread#7"                     [id=2608, stack(0x0000006eb8e00000,0x0000006eb8f00000) (1024K)]
Total: 10

Threads with active compile tasks:
C2 CompilerThread0  19591 3631       4       java.lang.invoke.MethodType::makeImpl (109 bytes)
C2 CompilerThread1  19592 4126   !   4       java.util.concurrent.ConcurrentHashMap::putVal (432 bytes)
C2 CompilerThread2  19592 4102       4       org.objectweb.asm.Frame::execute (2303 bytes)
Total: 3

VM state: not at safepoint (normal execution)

VM Mutex/Monitor currently owned by a thread: None

Heap address: 0x0000000080000000, size: 2048 MB, Compressed Oops mode: 32-bit

CDS archive(s) mapped at: [0x00000197c9000000-0x00000197c9ba0000-0x00000197c9ba0000), size 12189696, SharedBaseAddress: 0x00000197c9000000, ArchiveRelocationMode: 1.
Compressed class space mapped at: 0x00000197ca000000-0x000001980a000000, reserved size: 1073741824
Narrow klass base: 0x00000197c9000000, Narrow klass shift: 0, Narrow klass range: 0x100000000

GC Precious Log:
 CardTable entry size: 512
 CPUs: 8 total, 8 available
 Memory: 16242M
 Large Page Support: Disabled
 NUMA Support: Disabled
 Compressed Oops: Enabled (32-bit)
 Alignments: Space 512K, Generation 512K, Heap 2M
 Heap Min Capacity: 100M
 Heap Initial Capacity: 100M
 Heap Max Capacity: 2G
 Pre-touch: Disabled
 Parallel Workers: 8

Heap:
 PSYoungGen      total 28672K, used 10544K [0x00000000d5580000, 0x00000000d7700000, 0x0000000100000000)
  eden space 24064K, 43% used [0x00000000d5580000,0x00000000d5fcc058,0x00000000d6d00000)
  from space 4608K, 0% used [0x00000000d7280000,0x00000000d7280000,0x00000000d7700000)
  to   space 4608K, 0% used [0x00000000d6e00000,0x00000000d6e00000,0x00000000d7280000)
 ParOldGen       total 68608K, used 11883K [0x0000000080000000, 0x0000000084300000, 0x00000000d5580000)
  object space 68608K, 17% used [0x0000000080000000,0x0000000080b9ad68,0x0000000084300000)
 Metaspace       used 22217K, committed 23040K, reserved 1114112K
  class space    used 2119K, committed 2496K, reserved 1048576K

Card table byte_map: [0x00000197b1800000,0x00000197b1c10000] _byte_map_base: 0x00000197b1400000

Marking Bits: (ParMarkBitMap*) 0x00007ff89830a340
 Begin Bits: [0x00000197c42d0000, 0x00000197c62d0000)
 End Bits:   [0x00000197c62d0000, 0x00000197c82d0000)

Polling page: 0x00000197b15f0000

Metaspace:

Usage:
  Non-class:     19.63 MB used.
      Class:      2.07 MB used.
       Both:     21.70 MB used.

Virtual space:
  Non-class space:       64.00 MB reserved,      20.06 MB ( 31%) committed,  1 nodes.
      Class space:        1.00 GB reserved,       2.44 MB ( <1%) committed,  1 nodes.
             Both:        1.06 GB reserved,      22.50 MB (  2%) committed. 

Chunk freelists:
   Non-Class:  11.91 MB
       Class:  13.62 MB
        Both:  25.53 MB

MaxMetaspaceSize: unlimited
CompressedClassSpaceSize: 1.00 GB
Initial GC threshold: 21.00 MB
Current GC threshold: 35.00 MB
CDS: on
 - commit_granule_bytes: 65536.
 - commit_granule_words: 8192.
 - virtual_space_node_default_size: 8388608.
 - enlarge_chunks_in_place: 1.
 - use_allocation_guard: 0.


Internal statistics:

num_allocs_failed_limit: 3.
num_arena_births: 612.
num_arena_deaths: 14.
num_vsnodes_births: 2.
num_vsnodes_deaths: 0.
num_space_committed: 360.
num_space_uncommitted: 0.
num_chunks_returned_to_freelist: 17.
num_chunks_taken_from_freelist: 1440.
num_chunk_merges: 7.
num_chunk_splits: 936.
num_chunks_enlarged: 616.
num_inconsistent_stats: 0.

CodeHeap 'non-profiled nmethods': size=120000Kb used=1897Kb max_used=1897Kb free=118102Kb
 bounds [0x00000197bcaf0000, 0x00000197bcd60000, 0x00000197c4020000]
CodeHeap 'profiled nmethods': size=120000Kb used=8809Kb max_used=8809Kb free=111190Kb
 bounds [0x00000197b5020000, 0x00000197b58c0000, 0x00000197bc550000]
CodeHeap 'non-nmethods': size=5760Kb used=1279Kb max_used=1327Kb free=4480Kb
 bounds [0x00000197bc550000, 0x00000197bc7c0000, 0x00000197bcaf0000]
CodeCache: size=245760Kb, used=11985Kb, max_used=12033Kb, free=233772Kb
 total_blobs=4707, nmethods=4150, adapters=463, full_count=0
Compilation: enabled, stopped_count=0, restarted_count=0

Compilation events (20 events):
Event: 11.696 Thread 0x000001980a4bd900 3676       3       aQute.libg.qtokens.QuotedTokenizer::quotedString (152 bytes)
Event: 11.698 Thread 0x000001980a4bd900 nmethod 3676 0x00000197b5791590 code [0x00000197b57918a0, 0x00000197b5792aa0]
Event: 11.699 Thread 0x000001980a4bd900 3678       3       jdk.internal.org.objectweb.asm.SymbolTable::putBootstrapMethods (56 bytes)
Event: 11.700 Thread 0x000001980a4bd900 nmethod 3678 0x00000197b5793210 code [0x00000197b5793420, 0x00000197b5793740]
Event: 11.700 Thread 0x000001980a4bd900 3681       3       java.lang.invoke.LambdaFormBuffer::growNames (281 bytes)
Event: 11.700 Thread 0x000001980a4bd900 nmethod 3681 0x00000197b5793910 code [0x00000197b5793ba0, 0x00000197b5794b00]
Event: 11.700 Thread 0x000001980a4bd900 3684       3       jdk.internal.org.objectweb.asm.FieldWriter::<init> (69 bytes)
Event: 11.701 Thread 0x000001980a4bd900 nmethod 3684 0x00000197b5795090 code [0x00000197b5795280, 0x00000197b57955f8]
Event: 11.701 Thread 0x000001980a4bd900 3685       3       jdk.internal.org.objectweb.asm.FieldVisitor::<init> (7 bytes)
Event: 11.701 Thread 0x000001980a4bd900 nmethod 3685 0x00000197b5795810 code [0x00000197b57959c0, 0x00000197b5795b08]
Event: 11.701 Thread 0x000001980a4bd900 3686       3       jdk.internal.org.objectweb.asm.FieldVisitor::<init> (78 bytes)
Event: 11.701 Thread 0x000001980a4bd900 nmethod 3686 0x00000197b5795b90 code [0x00000197b5795dc0, 0x00000197b5796518]
Event: 11.701 Thread 0x000001980a4bd900 3687       3       jdk.internal.org.objectweb.asm.FieldWriter::computeFieldInfoSize (86 bytes)
Event: 11.701 Thread 0x000001980a4bd900 nmethod 3687 0x00000197b5796810 code [0x00000197b5796a00, 0x00000197b5796ce0]
Event: 11.701 Thread 0x000001980a4bd900 3688       3       jdk.internal.org.objectweb.asm.FieldWriter::putFieldInfo (269 bytes)
Event: 11.702 Thread 0x000001980a4bd900 nmethod 3688 0x00000197b5796e10 code [0x00000197b57970a0, 0x00000197b5797990]
Event: 11.702 Thread 0x000001980a4bd900 3689       3       java.lang.invoke.InvokerBytecodeGenerator::generateCustomizedCode (34 bytes)
Event: 11.702 Thread 0x000001980a4bd900 nmethod 3689 0x00000197b5797d10 code [0x00000197b5797f00, 0x00000197b57981c0]
Event: 11.708 Thread 0x000001980a4bd900 3694       3       org.objectweb.asm.ClassReader::readUnsignedShort (26 bytes)
Event: 11.708 Thread 0x000001980a4bd900 nmethod 3694 0x00000197b5798310 code [0x00000197b57984c0, 0x00000197b5798630]

GC Heap History (12 events):
Event: 1.190 GC heap before
{Heap before GC invocations=1 (full 0):
 PSYoungGen      total 29696K, used 25600K [0x00000000d5580000, 0x00000000d7680000, 0x0000000100000000)
  eden space 25600K, 100% used [0x00000000d5580000,0x00000000d6e80000,0x00000000d6e80000)
  from space 4096K, 0% used [0x00000000d7280000,0x00000000d7280000,0x00000000d7680000)
  to   space 4096K, 0% used [0x00000000d6e80000,0x00000000d6e80000,0x00000000d7280000)
 ParOldGen       total 68608K, used 0K [0x0000000080000000, 0x0000000084300000, 0x00000000d5580000)
  object space 68608K, 0% used [0x0000000080000000,0x0000000080000000,0x0000000084300000)
 Metaspace       used 4926K, committed 5120K, reserved 1114112K
  class space    used 498K, committed 576K, reserved 1048576K
}
Event: 1.200 GC heap after
{Heap after GC invocations=1 (full 0):
 PSYoungGen      total 29696K, used 3303K [0x00000000d5580000, 0x00000000d7680000, 0x0000000100000000)
  eden space 25600K, 0% used [0x00000000d5580000,0x00000000d5580000,0x00000000d6e80000)
  from space 4096K, 80% used [0x00000000d6e80000,0x00000000d71b9e18,0x00000000d7280000)
  to   space 4096K, 0% used [0x00000000d7280000,0x00000000d7280000,0x00000000d7680000)
 ParOldGen       total 68608K, used 16K [0x0000000080000000, 0x0000000084300000, 0x00000000d5580000)
  object space 68608K, 0% used [0x0000000080000000,0x0000000080004000,0x0000000084300000)
 Metaspace       used 4926K, committed 5120K, reserved 1114112K
  class space    used 498K, committed 576K, reserved 1048576K
}
Event: 3.118 GC heap before
{Heap before GC invocations=2 (full 0):
 PSYoungGen      total 29696K, used 28903K [0x00000000d5580000, 0x00000000d7680000, 0x0000000100000000)
  eden space 25600K, 100% used [0x00000000d5580000,0x00000000d6e80000,0x00000000d6e80000)
  from space 4096K, 80% used [0x00000000d6e80000,0x00000000d71b9e18,0x00000000d7280000)
  to   space 4096K, 0% used [0x00000000d7280000,0x00000000d7280000,0x00000000d7680000)
 ParOldGen       total 68608K, used 16K [0x0000000080000000, 0x0000000084300000, 0x00000000d5580000)
  object space 68608K, 0% used [0x0000000080000000,0x0000000080004000,0x0000000084300000)
 Metaspace       used 9206K, committed 9536K, reserved 1114112K
  class space    used 892K, committed 1024K, reserved 1048576K
}
Event: 3.123 GC heap after
{Heap after GC invocations=2 (full 0):
 PSYoungGen      total 29696K, used 4071K [0x00000000d5580000, 0x00000000d7680000, 0x0000000100000000)
  eden space 25600K, 0% used [0x00000000d5580000,0x00000000d5580000,0x00000000d6e80000)
  from space 4096K, 99% used [0x00000000d7280000,0x00000000d7679e18,0x00000000d7680000)
  to   space 4096K, 0% used [0x00000000d6e80000,0x00000000d6e80000,0x00000000d7280000)
 ParOldGen       total 68608K, used 72K [0x0000000080000000, 0x0000000084300000, 0x00000000d5580000)
  object space 68608K, 0% used [0x0000000080000000,0x0000000080012000,0x0000000084300000)
 Metaspace       used 9206K, committed 9536K, reserved 1114112K
  class space    used 892K, committed 1024K, reserved 1048576K
}
Event: 3.641 GC heap before
{Heap before GC invocations=3 (full 0):
 PSYoungGen      total 29696K, used 29671K [0x00000000d5580000, 0x00000000d7680000, 0x0000000100000000)
  eden space 25600K, 100% used [0x00000000d5580000,0x00000000d6e80000,0x00000000d6e80000)
  from space 4096K, 99% used [0x00000000d7280000,0x00000000d7679e18,0x00000000d7680000)
  to   space 4096K, 0% used [0x00000000d6e80000,0x00000000d6e80000,0x00000000d7280000)
 ParOldGen       total 68608K, used 72K [0x0000000080000000, 0x0000000084300000, 0x00000000d5580000)
  object space 68608K, 0% used [0x0000000080000000,0x0000000080012000,0x0000000084300000)
 Metaspace       used 9696K, committed 9984K, reserved 1114112K
  class space    used 926K, committed 1088K, reserved 1048576K
}
Event: 3.647 GC heap after
{Heap after GC invocations=3 (full 0):
 PSYoungGen      total 29696K, used 4069K [0x00000000d5580000, 0x00000000d7680000, 0x0000000100000000)
  eden space 25600K, 0% used [0x00000000d5580000,0x00000000d5580000,0x00000000d6e80000)
  from space 4096K, 99% used [0x00000000d6e80000,0x00000000d72796d8,0x00000000d7280000)
  to   space 4096K, 0% used [0x00000000d7280000,0x00000000d7280000,0x00000000d7680000)
 ParOldGen       total 68608K, used 4764K [0x0000000080000000, 0x0000000084300000, 0x00000000d5580000)
  object space 68608K, 6% used [0x0000000080000000,0x00000000804a71a0,0x0000000084300000)
 Metaspace       used 9696K, committed 9984K, reserved 1114112K
  class space    used 926K, committed 1088K, reserved 1048576K
}
Event: 3.995 GC heap before
{Heap before GC invocations=4 (full 0):
 PSYoungGen      total 29696K, used 29669K [0x00000000d5580000, 0x00000000d7680000, 0x0000000100000000)
  eden space 25600K, 100% used [0x00000000d5580000,0x00000000d6e80000,0x00000000d6e80000)
  from space 4096K, 99% used [0x00000000d6e80000,0x00000000d72796d8,0x00000000d7280000)
  to   space 4096K, 0% used [0x00000000d7280000,0x00000000d7280000,0x00000000d7680000)
 ParOldGen       total 68608K, used 4764K [0x0000000080000000, 0x0000000084300000, 0x00000000d5580000)
  object space 68608K, 6% used [0x0000000080000000,0x00000000804a71a0,0x0000000084300000)
 Metaspace       used 11084K, committed 11392K, reserved 1114112K
  class space    used 1069K, committed 1216K, reserved 1048576K
}
Event: 3.999 GC heap after
{Heap after GC invocations=4 (full 0):
 PSYoungGen      total 29696K, used 4067K [0x00000000d5580000, 0x00000000d7680000, 0x0000000100000000)
  eden space 25600K, 0% used [0x00000000d5580000,0x00000000d5580000,0x00000000d6e80000)
  from space 4096K, 99% used [0x00000000d7280000,0x00000000d7678e68,0x00000000d7680000)
  to   space 4096K, 0% used [0x00000000d6e80000,0x00000000d6e80000,0x00000000d7280000)
 ParOldGen       total 68608K, used 6452K [0x0000000080000000, 0x0000000084300000, 0x00000000d5580000)
  object space 68608K, 9% used [0x0000000080000000,0x000000008064d070,0x0000000084300000)
 Metaspace       used 11084K, committed 11392K, reserved 1114112K
  class space    used 1069K, committed 1216K, reserved 1048576K
}
Event: 10.946 GC heap before
{Heap before GC invocations=5 (full 0):
 PSYoungGen      total 29696K, used 29667K [0x00000000d5580000, 0x00000000d7680000, 0x0000000100000000)
  eden space 25600K, 100% used [0x00000000d5580000,0x00000000d6e80000,0x00000000d6e80000)
  from space 4096K, 99% used [0x00000000d7280000,0x00000000d7678e68,0x00000000d7680000)
  to   space 4096K, 0% used [0x00000000d6e80000,0x00000000d6e80000,0x00000000d7280000)
 ParOldGen       total 68608K, used 6452K [0x0000000080000000, 0x0000000084300000, 0x00000000d5580000)
  object space 68608K, 9% used [0x0000000080000000,0x000000008064d070,0x0000000084300000)
 Metaspace       used 13467K, committed 13888K, reserved 1114112K
  class space    used 1284K, committed 1472K, reserved 1048576K
}
Event: 10.949 GC heap after
{Heap after GC invocations=5 (full 0):
 PSYoungGen      total 29184K, used 4087K [0x00000000d5580000, 0x00000000d7a00000, 0x0000000100000000)
  eden space 25088K, 0% used [0x00000000d5580000,0x00000000d5580000,0x00000000d6e00000)
  from space 4096K, 99% used [0x00000000d6e80000,0x00000000d727df48,0x00000000d7280000)
  to   space 6144K, 0% used [0x00000000d7400000,0x00000000d7400000,0x00000000d7a00000)
 ParOldGen       total 68608K, used 7708K [0x0000000080000000, 0x0000000084300000, 0x00000000d5580000)
  object space 68608K, 11% used [0x0000000080000000,0x0000000080787268,0x0000000084300000)
 Metaspace       used 13467K, committed 13888K, reserved 1114112K
  class space    used 1284K, committed 1472K, reserved 1048576K
}
Event: 11.527 GC heap before
{Heap before GC invocations=6 (full 0):
 PSYoungGen      total 29184K, used 29175K [0x00000000d5580000, 0x00000000d7a00000, 0x0000000100000000)
  eden space 25088K, 100% used [0x00000000d5580000,0x00000000d6e00000,0x00000000d6e00000)
  from space 4096K, 99% used [0x00000000d6e80000,0x00000000d727df48,0x00000000d7280000)
  to   space 6144K, 0% used [0x00000000d7400000,0x00000000d7400000,0x00000000d7a00000)
 ParOldGen       total 68608K, used 7708K [0x0000000080000000, 0x0000000084300000, 0x00000000d5580000)
  object space 68608K, 11% used [0x0000000080000000,0x0000000080787268,0x0000000084300000)
 Metaspace       used 16977K, committed 17536K, reserved 1114112K
  class space    used 1590K, committed 1856K, reserved 1048576K
}
Event: 11.531 GC heap after
{Heap after GC invocations=6 (full 0):
 PSYoungGen      total 30720K, used 5829K [0x00000000d5580000, 0x00000000d7a00000, 0x0000000100000000)
  eden space 24576K, 0% used [0x00000000d5580000,0x00000000d5580000,0x00000000d6d80000)
  from space 6144K, 94% used [0x00000000d7400000,0x00000000d79b1560,0x00000000d7a00000)
  to   space 6144K, 0% used [0x00000000d6e00000,0x00000000d6e00000,0x00000000d7400000)
 ParOldGen       total 68608K, used 7716K [0x0000000080000000, 0x0000000084300000, 0x00000000d5580000)
  object space 68608K, 11% used [0x0000000080000000,0x0000000080789268,0x0000000084300000)
 Metaspace       used 16977K, committed 17536K, reserved 1114112K
  class space    used 1590K, committed 1856K, reserved 1048576K
}

Dll operation events (11 events):
Event: 0.045 Loaded shared library c:\Users\Etudiant\.vscode\extensions\redhat.java-1.46.2025091008-win32-x64\jre\21.0.8-win32-x86_64\bin\java.dll
Event: 0.136 Loaded shared library c:\Users\Etudiant\.vscode\extensions\redhat.java-1.46.2025091008-win32-x64\jre\21.0.8-win32-x86_64\bin\zip.dll
Event: 0.234 Loaded shared library C:\Users\Etudiant\.vscode\extensions\redhat.java-1.46.2025091008-win32-x64\jre\21.0.8-win32-x86_64\bin\instrument.dll
Event: 0.241 Loaded shared library C:\Users\Etudiant\.vscode\extensions\redhat.java-1.46.2025091008-win32-x64\jre\21.0.8-win32-x86_64\bin\net.dll
Event: 0.252 Loaded shared library C:\Users\Etudiant\.vscode\extensions\redhat.java-1.46.2025091008-win32-x64\jre\21.0.8-win32-x86_64\bin\nio.dll
Event: 0.258 Loaded shared library C:\Users\Etudiant\.vscode\extensions\redhat.java-1.46.2025091008-win32-x64\jre\21.0.8-win32-x86_64\bin\zip.dll
Event: 0.279 Loaded shared library C:\Users\Etudiant\.vscode\extensions\redhat.java-1.46.2025091008-win32-x64\jre\21.0.8-win32-x86_64\bin\jimage.dll
Event: 0.387 Loaded shared library c:\Users\Etudiant\.vscode\extensions\redhat.java-1.46.2025091008-win32-x64\jre\21.0.8-win32-x86_64\bin\verify.dll
Event: 3.584 Loaded shared library C:\Users\Etudiant\AppData\Roaming\Code\User\globalStorage\redhat.java\1.46.2025091008\config_win\org.eclipse.equinox.launcher\org.eclipse.equinox.launcher.win32.win32.x86_64_1.2.1400.v20250801-0854\eclipse_11916.dll
Event: 11.568 Loaded shared library C:\Users\Etudiant\.vscode\extensions\redhat.java-1.46.2025091008-win32-x64\jre\21.0.8-win32-x86_64\bin\management.dll
Event: 11.571 Loaded shared library C:\Users\Etudiant\.vscode\extensions\redhat.java-1.46.2025091008-win32-x64\jre\21.0.8-win32-x86_64\bin\management_ext.dll

Deoptimization events (20 events):
Event: 11.289 Thread 0x000001981034a6f0 Uncommon trap: trap_request=0xffffff45 fr.pc=0x00000197bcc60544 relative=0x00000000000004c4
Event: 11.289 Thread 0x000001981034a6f0 Uncommon trap: reason=unstable_if action=reinterpret pc=0x00000197bcc60544 method=com.sun.org.apache.xerces.internal.impl.XMLEntityScanner.scanLiteral(ILcom/sun/org/apache/xerces/internal/xni/XMLString;Z)I @ 299 c2
Event: 11.289 Thread 0x000001981034a6f0 DEOPT PACKING pc=0x00000197bcc60544 sp=0x0000006eb9efd550
Event: 11.289 Thread 0x000001981034a6f0 DEOPT UNPACKING pc=0x00000197bc5a3aa2 sp=0x0000006eb9efd4e0 mode 2
Event: 11.494 Thread 0x000001981034a6f0 Uncommon trap: trap_request=0xffffff45 fr.pc=0x00000197bcb439d8 relative=0x0000000000000f98
Event: 11.494 Thread 0x000001981034a6f0 Uncommon trap: reason=unstable_if action=reinterpret pc=0x00000197bcb439d8 method=lombok.patcher.PatchScript.classMatches(Ljava/lang/String;Ljava/util/Collection;)Z @ 25 c2
Event: 11.494 Thread 0x000001981034a6f0 DEOPT PACKING pc=0x00000197bcb439d8 sp=0x0000006eb9ef66f0
Event: 11.494 Thread 0x000001981034a6f0 DEOPT UNPACKING pc=0x00000197bc5a3aa2 sp=0x0000006eb9ef66b0 mode 2
Event: 11.554 Thread 0x000001981034a6f0 Uncommon trap: trap_request=0xffffff45 fr.pc=0x00000197bcc4cc94 relative=0x0000000000000074
Event: 11.554 Thread 0x000001981034a6f0 Uncommon trap: reason=unstable_if action=reinterpret pc=0x00000197bcc4cc94 method=java.lang.ref.ReferenceQueue.poll()Ljava/lang/ref/Reference; @ 4 c2
Event: 11.554 Thread 0x000001981034a6f0 DEOPT PACKING pc=0x00000197bcc4cc94 sp=0x0000006eb9ef7e60
Event: 11.554 Thread 0x000001981034a6f0 DEOPT UNPACKING pc=0x00000197bc5a3aa2 sp=0x0000006eb9ef7de8 mode 2
Event: 11.576 Thread 0x000001981034a6f0 Uncommon trap: trap_request=0xffffff45 fr.pc=0x00000197bcb941b0 relative=0x00000000000009d0
Event: 11.576 Thread 0x000001981034a6f0 Uncommon trap: reason=unstable_if action=reinterpret pc=0x00000197bcb941b0 method=java.util.HashMap.putVal(ILjava/lang/Object;Ljava/lang/Object;ZZ)Ljava/lang/Object; @ 236 c2
Event: 11.576 Thread 0x000001981034a6f0 DEOPT PACKING pc=0x00000197bcb941b0 sp=0x0000006eb9ef8800
Event: 11.576 Thread 0x000001981034a6f0 DEOPT UNPACKING pc=0x00000197bc5a3aa2 sp=0x0000006eb9ef8798 mode 2
Event: 11.657 Thread 0x000001981034a6f0 Uncommon trap: trap_request=0xffffff45 fr.pc=0x00000197bcc83628 relative=0x0000000000000088
Event: 11.657 Thread 0x000001981034a6f0 Uncommon trap: reason=unstable_if action=reinterpret pc=0x00000197bcc83628 method=java.lang.ref.SoftReference.get()Ljava/lang/Object; @ 6 c2
Event: 11.657 Thread 0x000001981034a6f0 DEOPT PACKING pc=0x00000197bcc83628 sp=0x0000006eb9ef91e0
Event: 11.657 Thread 0x000001981034a6f0 DEOPT UNPACKING pc=0x00000197bc5a3aa2 sp=0x0000006eb9ef9178 mode 2

Classes loaded (20 events):
Event: 11.612 Loading class java/util/stream/ReferencePipeline$StatefulOp done
Event: 11.612 Loading class java/util/stream/SortedOps$OfRef done
Event: 11.612 Loading class java/util/stream/SortedOps$RefSortingSink
Event: 11.612 Loading class java/util/stream/SortedOps$AbstractRefSortingSink
Event: 11.613 Loading class java/util/stream/SortedOps$AbstractRefSortingSink done
Event: 11.613 Loading class java/util/stream/SortedOps$RefSortingSink done
Event: 11.628 Loading class java/util/zip/ZipOutputStream
Event: 11.628 Loading class java/util/zip/DeflaterOutputStream
Event: 11.628 Loading class java/util/zip/DeflaterOutputStream done
Event: 11.628 Loading class java/util/zip/ZipOutputStream done
Event: 11.632 Loading class java/io/FilenameFilter
Event: 11.632 Loading class java/io/FilenameFilter done
Event: 11.651 Loading class java/util/function/LongUnaryOperator
Event: 11.651 Loading class java/util/function/LongUnaryOperator done
Event: 11.652 Loading class java/lang/ThreadDeath
Event: 11.652 Loading class java/lang/ThreadDeath done
Event: 11.659 Loading class java/util/stream/SortedOps$SizedRefSortingSink
Event: 11.659 Loading class java/util/stream/SortedOps$SizedRefSortingSink done
Event: 11.690 Loading class java/util/concurrent/atomic/Striped64$1
Event: 11.690 Loading class java/util/concurrent/atomic/Striped64$1 done

Classes unloaded (0 events):
No events

Classes redefined (0 events):
No events

Internal exceptions (20 events):
Event: 11.374 Thread 0x000001981034a6f0 Exception <a 'java/lang/NoSuchMethodError'{0x00000000d651ec98}: 'java.lang.Object java.lang.invoke.Invokers$Holder.linkToTargetMethod(java.lang.Object, long, java.lang.Object)'> (0x00000000d651ec98) 
thrown [s\src\hotspot\share\interpreter\linkResolver.cpp, line 773]
Event: 11.512 Thread 0x000001981034a6f0 Exception <a 'java/lang/NoSuchMethodError'{0x00000000d6d0fb28}: 'java.lang.Object java.lang.invoke.DirectMethodHandle$Holder.invokeVirtual(java.lang.Object, java.lang.Object, java.lang.Object)'> (0x00000000d6d0fb28) 
thrown [s\src\hotspot\share\interpreter\linkResolver.cpp, line 773]
Event: 11.513 Thread 0x000001981034a6f0 Exception <a 'java/lang/NoSuchMethodError'{0x00000000d6d289d8}: 'java.lang.Object java.lang.invoke.DelegatingMethodHandle$Holder.reinvoke_L(java.lang.Object, java.lang.Object, java.lang.Object, java.lang.Object, int, int)'> (0x00000000d6d289d8) 
thrown [s\src\hotspot\share\interpreter\linkResolver.cpp, line 773]
Event: 11.517 Thread 0x000001981034a6f0 Exception <a 'java/lang/NoSuchMethodError'{0x00000000d6d45d70}: 'java.lang.Object java.lang.invoke.DirectMethodHandle$Holder.newInvokeSpecial(java.lang.Object, java.lang.Object, java.lang.Object, java.lang.Object, java.lang.Object, java.lang.Object)'> (0x00000000d6d45d70) 
thrown [s\src\hotspot\share\interpreter\linkResolver.cpp, line 773]
Event: 11.521 Thread 0x000001981034a6f0 Exception <a 'java/lang/NoSuchMethodError'{0x00000000d6d725f0}: 'void java.lang.invoke.Invokers$Holder.invokeExact_MT(java.lang.Object, java.lang.Object, java.lang.Object, java.lang.Object)'> (0x00000000d6d725f0) 
thrown [s\src\hotspot\share\interpreter\linkResolver.cpp, line 773]
Event: 11.559 Thread 0x000001981034a6f0 Exception <a 'java/io/FileNotFoundException'{0x00000000d562f3e8}> (0x00000000d562f3e8) 
thrown [s\src\hotspot\share\prims\jni.cpp, line 520]
Event: 11.563 Thread 0x000001981034a6f0 Exception <a 'java/io/FileNotFoundException'{0x00000000d564d860}> (0x00000000d564d860) 
thrown [s\src\hotspot\share\prims\jni.cpp, line 520]
Event: 11.565 Thread 0x000001981034a6f0 Exception <a 'java/io/FileNotFoundException'{0x00000000d5655708}> (0x00000000d5655708) 
thrown [s\src\hotspot\share\prims\jni.cpp, line 520]
Event: 11.632 Thread 0x000001981034a6f0 Exception <a 'java/lang/NoSuchMethodError'{0x00000000d5ae4198}: 'java.lang.Object java.lang.invoke.DirectMethodHandle$Holder.newInvokeSpecial(java.lang.Object, java.lang.Object, java.lang.Object, java.lang.Object, java.lang.Object)'> (0x00000000d5ae4198) 
thrown [s\src\hotspot\share\interpreter\linkResolver.cpp, line 773]
Event: 11.650 Thread 0x000001981034a6f0 Exception <a 'java/lang/NoSuchMethodError'{0x00000000d5bdfd10}: 'java.lang.Object java.lang.invoke.DirectMethodHandle$Holder.invokeSpecial(java.lang.Object, java.lang.Object, java.lang.Object, long, java.lang.Object)'> (0x00000000d5bdfd10) 
thrown [s\src\hotspot\share\interpreter\linkResolver.cpp, line 773]
Event: 11.650 Thread 0x000001981034a6f0 Exception <a 'java/lang/NoSuchMethodError'{0x00000000d5be7788}: 'java.lang.Object java.lang.invoke.DirectMethodHandle$Holder.newInvokeSpecial(java.lang.Object, java.lang.Object, java.lang.Object, long)'> (0x00000000d5be7788) 
thrown [s\src\hotspot\share\interpreter\linkResolver.cpp, line 773]
Event: 11.650 Thread 0x000001981034a6f0 Exception <a 'java/lang/NoSuchMethodError'{0x00000000d5bebda8}: 'java.lang.Object java.lang.invoke.DirectMethodHandle$Holder.invokeSpecial(java.lang.Object, java.lang.Object, java.lang.Object, java.lang.Object, long)'> (0x00000000d5bebda8) 
thrown [s\src\hotspot\share\interpreter\linkResolver.cpp, line 773]
Event: 11.650 Thread 0x000001981034a6f0 Exception <a 'java/lang/NoSuchMethodError'{0x00000000d5befe50}: 'java.lang.Object java.lang.invoke.Invokers$Holder.linkToTargetMethod(java.lang.Object, java.lang.Object, long, java.lang.Object)'> (0x00000000d5befe50) 
thrown [s\src\hotspot\share\interpreter\linkResolver.cpp, line 773]
Event: 11.668 Thread 0x000001981034a6f0 Exception <a 'java/lang/IncompatibleClassChangeError'{0x00000000d5d7e008}: Found class java.lang.Object, but interface was expected> (0x00000000d5d7e008) 
thrown [s\src\hotspot\share\interpreter\linkResolver.cpp, line 840]
Event: 11.669 Thread 0x000001981034a6f0 Exception <a 'java/lang/NoSuchMethodError'{0x00000000d5d81ab0}: 'java.lang.Object java.lang.invoke.DirectMethodHandle$Holder.invokeSpecial(java.lang.Object, java.lang.Object, java.lang.Object, int, java.lang.Object, java.lang.Object)'> (0x00000000d5d81ab0) 
thrown [s\src\hotspot\share\interpreter\linkResolver.cpp, line 773]
Event: 11.669 Thread 0x000001981034a6f0 Exception <a 'java/lang/NoSuchMethodError'{0x00000000d5d8c668}: 'java.lang.Object java.lang.invoke.DirectMethodHandle$Holder.newInvokeSpecial(java.lang.Object, java.lang.Object, java.lang.Object, int, java.lang.Object)'> (0x00000000d5d8c668) 
thrown [s\src\hotspot\share\interpreter\linkResolver.cpp, line 773]
Event: 11.670 Thread 0x000001981034a6f0 Exception <a 'java/lang/NoSuchMethodError'{0x00000000d5d90858}: 'java.lang.Object java.lang.invoke.DirectMethodHandle$Holder.invokeSpecial(java.lang.Object, java.lang.Object, java.lang.Object, java.lang.Object, int, java.lang.Object)'> (0x00000000d5d90858) 
thrown [s\src\hotspot\share\interpreter\linkResolver.cpp, line 773]
Event: 11.670 Thread 0x000001981034a6f0 Exception <a 'java/lang/NoSuchMethodError'{0x00000000d5d945c8}: 'java.lang.Object java.lang.invoke.Invokers$Holder.linkToTargetMethod(java.lang.Object, java.lang.Object, int, java.lang.Object, java.lang.Object)'> (0x00000000d5d945c8) 
thrown [s\src\hotspot\share\interpreter\linkResolver.cpp, line 773]
Event: 11.670 Thread 0x00000198104d36e0 Exception <a 'java/lang/NoSuchMethodError'{0x00000000d5c41608}: 'java.lang.Object java.lang.invoke.DirectMethodHandle$Holder.invokeSpecial(java.lang.Object, java.lang.Object, int, java.lang.Object, java.lang.Object)'> (0x00000000d5c41608) 
thrown [s\src\hotspot\share\interpreter\linkResolver.cpp, line 773]
Event: 11.692 Thread 0x000001981034a6f0 Exception <a 'java/lang/NoSuchMethodError'{0x00000000d5eb5e38}: 'void java.lang.invoke.DirectMethodHandle$Holder.invokeSpecial(java.lang.Object, java.lang.Object, java.lang.Object, java.lang.Object, java.lang.Object)'> (0x00000000d5eb5e38) 
thrown [s\src\hotspot\share\interpreter\linkResolver.cpp, line 773]

ZGC Phase Switch (0 events):
No events

VM Operations (20 events):
Event: 3.985 Executing VM operation: HandshakeAllThreads (Deoptimize)
Event: 3.985 Executing VM operation: HandshakeAllThreads (Deoptimize) done
Event: 3.995 Executing VM operation: ParallelGCFailedAllocation (Allocation Failure)
Event: 3.999 Executing VM operation: ParallelGCFailedAllocation (Allocation Failure) done
Event: 5.012 Executing VM operation: Cleanup
Event: 5.012 Executing VM operation: Cleanup done
Event: 7.014 Executing VM operation: Cleanup
Event: 7.014 Executing VM operation: Cleanup done
Event: 10.939 Executing VM operation: HandshakeAllThreads (Deoptimize)
Event: 10.939 Executing VM operation: HandshakeAllThreads (Deoptimize) done
Event: 10.939 Executing VM operation: Cleanup
Event: 10.939 Executing VM operation: Cleanup done
Event: 10.946 Executing VM operation: ParallelGCFailedAllocation (Allocation Failure)
Event: 10.949 Executing VM operation: ParallelGCFailedAllocation (Allocation Failure) done
Event: 11.461 Executing VM operation: ICBufferFull
Event: 11.461 Executing VM operation: ICBufferFull done
Event: 11.527 Executing VM operation: ParallelGCFailedAllocation (Allocation Failure)
Event: 11.531 Executing VM operation: ParallelGCFailedAllocation (Allocation Failure) done
Event: 11.612 Executing VM operation: HandshakeAllThreads (Deoptimize)
Event: 11.612 Executing VM operation: HandshakeAllThreads (Deoptimize) done

Memory protections (0 events):
No events

Nmethod flushes (0 events):
No events

Events (20 events):
Event: 1.817 Thread 0x00000197b1eb21e0 Thread added: 0x000001981034b410
Event: 1.964 Thread 0x00000198100ae270 Thread exited: 0x00000198100ae270
Event: 1.966 Thread 0x000001980a5d38c0 Thread exited: 0x000001980a5d38c0
Event: 3.125 Thread 0x00000197b1eb21e0 Thread added: 0x000001981034a060
Event: 3.129 Thread 0x00000197b1eb21e0 Thread added: 0x000001981034a6f0
Event: 3.142 Thread 0x000001980a4bd900 Thread added: 0x00000198103860e0
Event: 3.576 Thread 0x00000197b1eb21e0 Thread added: 0x000001981034ad80
Event: 3.629 Thread 0x000001980a4bd900 Thread added: 0x00000198103c2f60
Event: 3.639 Thread 0x000001981034ad80 Thread added: 0x000001981034c130
Event: 3.640 Thread 0x000001981034ad80 Thread added: 0x000001981034ce50
Event: 4.725 Thread 0x00000198103860e0 Thread exited: 0x00000198103860e0
Event: 4.725 Thread 0x00000198103c2f60 Thread exited: 0x00000198103c2f60
Event: 4.795 Thread 0x000001981034a6f0 Thread added: 0x000001981034c7c0
Event: 10.817 Thread 0x000001981034a6f0 Thread added: 0x000001981034baa0
Event: 10.921 Thread 0x000001981034a6f0 Thread added: 0x000001981034d4e0
Event: 11.059 Thread 0x000001980a4bd900 Thread added: 0x000001980b98c5c0
Event: 11.423 Thread 0x000001981034a6f0 Thread added: 0x00000198104d1610
Event: 11.476 Thread 0x000001980b98c5c0 Thread exited: 0x000001980b98c5c0
Event: 11.654 Thread 0x000001981034a6f0 Thread added: 0x00000198104d36e0
Event: 11.672 Thread 0x000001981034a6f0 Thread added: 0x00000198104d3050


Dynamic libraries:
0x00007ff642810000 - 0x00007ff64281e000 	c:\Users\Etudiant\.vscode\extensions\redhat.java-1.46.2025091008-win32-x64\jre\21.0.8-win32-x86_64\bin\java.exe
0x00007ff8e6fe0000 - 0x00007ff8e7245000 	C:\WINDOWS\SYSTEM32\ntdll.dll
0x00007ff8e5ed0000 - 0x00007ff8e5f99000 	C:\WINDOWS\System32\KERNEL32.DLL
0x00007ff8e4580000 - 0x00007ff8e4968000 	C:\WINDOWS\System32\KERNELBASE.dll
0x00007ff8e4af0000 - 0x00007ff8e4c3b000 	C:\WINDOWS\System32\ucrtbase.dll
0x00007ff8d6a10000 - 0x00007ff8d6a2e000 	c:\Users\Etudiant\.vscode\extensions\redhat.java-1.46.2025091008-win32-x64\jre\21.0.8-win32-x86_64\bin\VCRUNTIME140.dll
0x00007ff8d1bb0000 - 0x00007ff8d1bc8000 	c:\Users\Etudiant\.vscode\extensions\redhat.java-1.46.2025091008-win32-x64\jre\21.0.8-win32-x86_64\bin\jli.dll
0x00007ff8e6310000 - 0x00007ff8e64da000 	C:\WINDOWS\System32\USER32.dll
0x00007ff8e4130000 - 0x00007ff8e4157000 	C:\WINDOWS\System32\win32u.dll
0x00007ff8e53d0000 - 0x00007ff8e53fb000 	C:\WINDOWS\System32\GDI32.dll
0x00007ff8e4c40000 - 0x00007ff8e4d77000 	C:\WINDOWS\System32\gdi32full.dll
0x00007ff8e4410000 - 0x00007ff8e44b3000 	C:\WINDOWS\System32\msvcp_win.dll
0x00007ff8ca0c0000 - 0x00007ff8ca35a000 	C:\WINDOWS\WinSxS\amd64_microsoft.windows.common-controls_6595b64144ccf1df_6.0.26100.4202_none_3e0698d4e335f517\COMCTL32.dll
0x00007ff8e52f0000 - 0x00007ff8e5399000 	C:\WINDOWS\System32\msvcrt.dll
0x00007ff8e60c0000 - 0x00007ff8e60f0000 	C:\WINDOWS\System32\IMM32.DLL
0x00007ff8c5dd0000 - 0x00007ff8c5f3b000 	C:\Windows\system32\tmumh\20019\AddOn\8.55.0.1129\TmUmEvt64.dll
0x00007ff8e6d30000 - 0x00007ff8e6d38000 	C:\WINDOWS\System32\PSAPI.DLL
0x00007ff8e5230000 - 0x00007ff8e52e3000 	C:\WINDOWS\System32\ADVAPI32.dll
0x00007ff8e4d80000 - 0x00007ff8e4e26000 	C:\WINDOWS\System32\sechost.dll
0x00007ff8e6100000 - 0x00007ff8e6215000 	C:\WINDOWS\System32\RPCRT4.dll
0x0000000068ca0000 - 0x0000000068e13000 	C:\Windows\system32\tmumh\20019\TmMon\2.9.0.1048\tmmon64.dll
0x00007ff8ddad0000 - 0x00007ff8ddadc000 	c:\Users\Etudiant\.vscode\extensions\redhat.java-1.46.2025091008-win32-x64\jre\21.0.8-win32-x86_64\bin\vcruntime140_1.dll
0x00007ff8c62a0000 - 0x00007ff8c632d000 	c:\Users\Etudiant\.vscode\extensions\redhat.java-1.46.2025091008-win32-x64\jre\21.0.8-win32-x86_64\bin\msvcp140.dll
0x00007ff897650000 - 0x00007ff8983e7000 	c:\Users\Etudiant\.vscode\extensions\redhat.java-1.46.2025091008-win32-x64\jre\21.0.8-win32-x86_64\bin\server\jvm.dll
0x00007ff8e6d40000 - 0x00007ff8e6db4000 	C:\WINDOWS\System32\WS2_32.dll
0x00007ff8e3f70000 - 0x00007ff8e3fce000 	C:\WINDOWS\SYSTEM32\POWRPROF.dll
0x00007ff8c5cd0000 - 0x00007ff8c5d05000 	C:\WINDOWS\SYSTEM32\WINMM.dll
0x00007ff8e2a50000 - 0x00007ff8e2a5b000 	C:\WINDOWS\SYSTEM32\VERSION.dll
0x00007ff8e3f50000 - 0x00007ff8e3f64000 	C:\WINDOWS\SYSTEM32\UMPDC.dll
0x00007ff8e2eb0000 - 0x00007ff8e2ecb000 	C:\WINDOWS\SYSTEM32\kernel.appcore.dll
0x00007ff8d6ad0000 - 0x00007ff8d6ada000 	c:\Users\Etudiant\.vscode\extensions\redhat.java-1.46.2025091008-win32-x64\jre\21.0.8-win32-x86_64\bin\jimage.dll
0x00007ff8e1560000 - 0x00007ff8e17a1000 	C:\WINDOWS\SYSTEM32\DBGHELP.DLL
0x00007ff8e4ea0000 - 0x00007ff8e5225000 	C:\WINDOWS\System32\combase.dll
0x00007ff8e6220000 - 0x00007ff8e6301000 	C:\WINDOWS\System32\OLEAUT32.dll
0x00007ff8c8d70000 - 0x00007ff8c8da9000 	C:\WINDOWS\SYSTEM32\dbgcore.DLL
0x00007ff8e4370000 - 0x00007ff8e4409000 	C:\WINDOWS\System32\bcryptPrimitives.dll
0x00007ff8d6920000 - 0x00007ff8d692f000 	c:\Users\Etudiant\.vscode\extensions\redhat.java-1.46.2025091008-win32-x64\jre\21.0.8-win32-x86_64\bin\instrument.dll
0x00007ff8ca7a0000 - 0x00007ff8ca7bf000 	c:\Users\Etudiant\.vscode\extensions\redhat.java-1.46.2025091008-win32-x64\jre\21.0.8-win32-x86_64\bin\java.dll
0x00007ff8c9420000 - 0x00007ff8c9438000 	c:\Users\Etudiant\.vscode\extensions\redhat.java-1.46.2025091008-win32-x64\jre\21.0.8-win32-x86_64\bin\zip.dll
0x00007ff8e65e0000 - 0x00007ff8e6d22000 	C:\WINDOWS\System32\SHELL32.dll
0x00007ff8e4970000 - 0x00007ff8e4ae4000 	C:\WINDOWS\System32\wintypes.dll
0x00007ff8e1af0000 - 0x00007ff8e2348000 	C:\WINDOWS\SYSTEM32\windows.storage.dll
0x00007ff8e5690000 - 0x00007ff8e5781000 	C:\WINDOWS\System32\SHCORE.dll
0x00007ff8e5620000 - 0x00007ff8e568a000 	C:\WINDOWS\System32\shlwapi.dll
0x00007ff8e4040000 - 0x00007ff8e406f000 	C:\WINDOWS\SYSTEM32\profapi.dll
0x00007ff8d59f0000 - 0x00007ff8d5a00000 	C:\Users\Etudiant\.vscode\extensions\redhat.java-1.46.2025091008-win32-x64\jre\21.0.8-win32-x86_64\bin\net.dll
0x00007ff8dd1f0000 - 0x00007ff8dd30e000 	C:\WINDOWS\SYSTEM32\WINHTTP.dll
0x00007ff8e3400000 - 0x00007ff8e346a000 	C:\WINDOWS\system32\mswsock.dll
0x00007ff8c9240000 - 0x00007ff8c9256000 	C:\Users\Etudiant\.vscode\extensions\redhat.java-1.46.2025091008-win32-x64\jre\21.0.8-win32-x86_64\bin\nio.dll
0x00007ff8d56f0000 - 0x00007ff8d5700000 	c:\Users\Etudiant\.vscode\extensions\redhat.java-1.46.2025091008-win32-x64\jre\21.0.8-win32-x86_64\bin\verify.dll
0x00007ff8c64e0000 - 0x00007ff8c6524000 	C:\Users\Etudiant\AppData\Roaming\Code\User\globalStorage\redhat.java\1.46.2025091008\config_win\org.eclipse.equinox.launcher\org.eclipse.equinox.launcher.win32.win32.x86_64_1.2.1400.v20250801-0854\eclipse_11916.dll
0x00007ff8e5810000 - 0x00007ff8e59ae000 	C:\WINDOWS\System32\ole32.dll
0x00007ff8d1dd0000 - 0x00007ff8d1dda000 	C:\Users\Etudiant\.vscode\extensions\redhat.java-1.46.2025091008-win32-x64\jre\21.0.8-win32-x86_64\bin\management.dll
0x00007ff8d1940000 - 0x00007ff8d194b000 	C:\Users\Etudiant\.vscode\extensions\redhat.java-1.46.2025091008-win32-x64\jre\21.0.8-win32-x86_64\bin\management_ext.dll

JVMTI agents:
c:\Users\Etudiant\.vscode\extensions\redhat.java-1.46.2025091008-win32-x64\lombok\lombok-1.18.39-4050.jar path:c:\Users\Etudiant\.vscode\extensions\redhat.java-1.46.2025091008-win32-x64\jre\21.0.8-win32-x86_64\bin\instrument.dll, loaded, initialized, instrumentlib options:none

dbghelp: loaded successfully - version: 4.0.5 - missing functions: none
symbol engine: initialized successfully - sym options: 0x614 - pdb path: .;c:\Users\Etudiant\.vscode\extensions\redhat.java-1.46.2025091008-win32-x64\jre\21.0.8-win32-x86_64\bin;C:\WINDOWS\SYSTEM32;C:\WINDOWS\WinSxS\amd64_microsoft.windows.common-controls_6595b64144ccf1df_6.0.26100.4202_none_3e0698d4e335f517;C:\Windows\system32\tmumh\20019\AddOn\8.55.0.1129;C:\Windows\system32\tmumh\20019\TmMon\2.9.0.1048;c:\Users\Etudiant\.vscode\extensions\redhat.java-1.46.2025091008-win32-x64\jre\21.0.8-win32-x86_64\bin\server;C:\Users\Etudiant\AppData\Roaming\Code\User\globalStorage\redhat.java\1.46.2025091008\config_win\org.eclipse.equinox.launcher\org.eclipse.equinox.launcher.win32.win32.x86_64_1.2.1400.v20250801-0854

VM Arguments:
jvm_args: --add-modules=ALL-SYSTEM --add-opens=java.base/java.util=ALL-UNNAMED --add-opens=java.base/java.lang=ALL-UNNAMED --add-opens=java.base/sun.nio.fs=ALL-UNNAMED -Declipse.application=org.eclipse.jdt.ls.core.id1 -Dosgi.bundles.defaultStartLevel=4 -Declipse.product=org.eclipse.jdt.ls.core.product -Djava.import.generatesMetadataFilesAtProjectRoot=false -DDetectVMInstallationsJob.disabled=true -Dfile.encoding=utf8 -XX:+UseParallelGC -XX:GCTimeRatio=4 -XX:AdaptiveSizePolicyWeight=90 -Dsun.zip.disableMemoryMapping=true -Xmx2G -Xms100m -Xlog:disable -javaagent:c:\Users\Etudiant\.vscode\extensions\redhat.java-1.46.2025091008-win32-x64\lombok\lombok-1.18.39-4050.jar -XX:+HeapDumpOnOutOfMemoryError -XX:HeapDumpPath=c:\Users\Etudiant\AppData\Roaming\Code\User\workspaceStorage\b32271d36bb01b0f30b0f0442a149570\redhat.java -Daether.dependencyCollector.impl=bf -XX:+UnlockDiagnosticVMOptions -XX:+AllowArchivingWithJavaAgent -XX:+AutoCreateSharedArchive -XX:SharedArchiveFile=c:\Users\Etudiant\AppData\Roaming\Code\User\globalStorage\redhat.java\1.46.2025091008\jdtls.jsa 
java_command: c:\Users\Etudiant\.vscode\extensions\redhat.java-1.46.2025091008-win32-x64\server\plugins\org.eclipse.equinox.launcher_1.7.0.v20250519-0528.jar -configuration c:\Users\Etudiant\AppData\Roaming\Code\User\globalStorage\redhat.java\1.46.2025091008\config_win -data c:\Users\Etudiant\AppData\Roaming\Code\User\workspaceStorage\b32271d36bb01b0f30b0f0442a149570\redhat.java\jdt_ws --pipe=\\.\pipe\lsp-1c0308816dfdc34b7877936cfa741494-sock
java_class_path (initial): c:\Users\Etudiant\.vscode\extensions\redhat.java-1.46.2025091008-win32-x64\server\plugins\org.eclipse.equinox.launcher_1.7.0.v20250519-0528.jar
Launcher Type: SUN_STANDARD

[Global flags]
    uintx AdaptiveSizePolicyWeight                 = 90                                        {product} {command line}
     bool AllowArchivingWithJavaAgent              = true                             {JVMCI diagnostic} {command line}
     bool AutoCreateSharedArchive                  = true                                {JVMCI product} {command line}
     intx CICompilerCount                          = 4                                         {product} {ergonomic}
    uintx GCTimeRatio                              = 4                                         {product} {command line}
     bool HeapDumpOnOutOfMemoryError               = true                                   {manageable} {command line}
    ccstr HeapDumpPath                             = c:\Users\Etudiant\AppData\Roaming\Code\User\workspaceStorage\b32271d36bb01b0f30b0f0442a149570\redhat.java         {manageable} {command line}
   size_t InitialHeapSize                          = 104857600                                 {product} {command line}
   size_t MaxHeapSize                              = 2147483648                                {product} {command line}
   size_t MaxNewSize                               = 715653120                                 {product} {ergonomic}
   size_t MinHeapDeltaBytes                        = 524288                                    {product} {ergonomic}
   size_t MinHeapSize                              = 104857600                                 {product} {command line}
   size_t NewSize                                  = 34603008                                  {product} {ergonomic}
    uintx NonNMethodCodeHeapSize                   = 5839372                                {pd product} {ergonomic}
    uintx NonProfiledCodeHeapSize                  = 122909434                              {pd product} {ergonomic}
   size_t OldSize                                  = 70254592                                  {product} {ergonomic}
    uintx ProfiledCodeHeapSize                     = 122909434                              {pd product} {ergonomic}
    uintx ReservedCodeCacheSize                    = 251658240                              {pd product} {ergonomic}
     bool SegmentedCodeCache                       = true                                      {product} {ergonomic}
    ccstr SharedArchiveFile                        =                                     {JVMCI product} {command line}
   size_t SoftMaxHeapSize                          = 2147483648                             {manageable} {ergonomic}
     bool UnlockDiagnosticVMOptions                = true                                   {diagnostic} {command line}
     bool UseCompressedOops                        = true                           {product lp64_product} {ergonomic}
     bool UseLargePagesIndividualAllocation        = false                                  {pd product} {ergonomic}
     bool UseParallelGC                            = true                                      {product} {command line}

Logging:
Log output configuration:
 #0: stdout all=off uptime,level,tags foldmultilines=false
 #1: stderr all=off uptime,level,tags foldmultilines=false

Environment Variables:
PATH=C:\Program Files\Python313\Scripts\;C:\Program Files\Python313\;C:\mingw64\bin;C:\Program Files\Common Files\Oracle\Java\javapath;C:\Program Files (x86)\Common Files\Oracle\Java\java8path;C:\Program Files (x86)\Common Files\Oracle\Java\javapath;C:\WINDOWS\system32;C:\WINDOWS;C:\WINDOWS\System32\Wbem;C:\WINDOWS\System32\WindowsPowerShell\v1.0\;C:\WINDOWS\System32\OpenSSH\;C:\Program Files\PuTTY\;C:\Program Files\nodejs\;C:\Program Files\dotnet\;C:\ProgramData\chocolatey\bin;C:\ProgramData\chocolatey\lib\maven\apache-maven-3.9.9\bin;C:\Program Files\Docker\Docker\resources\bin;C:\Program Files\php\php-8.4.7;C:\Users\Etudiant\AppData\Local\Microsoft\WindowsApps;C:\Users\Etudiant\AppData\Local\Programs\Git\cmd;C:\Users\Etudiant\AppData\Roaming\npm;C:\Users\Etudiant\AppData\Local\GitHubDesktop\bin
USERNAME=Etudiant
OS=Windows_NT
PROCESSOR_IDENTIFIER=Intel64 Family 6 Model 142 Stepping 10, GenuineIntel
TMP=C:\Users\Etudiant\AppData\Local\Temp
TEMP=C:\Users\Etudiant\AppData\Local\Temp




Periodic native trim disabled

---------------  S Y S T E M  ---------------

OS:
 Windows 11 , 64 bit Build 26100 (10.0.26100.4202)
OS uptime: 5 days 5:43 hours
Hyper-V role detected

CPU: total 8 (initial active 8) (4 cores per cpu, 2 threads per core) family 6 model 142 stepping 10 microcode 0xf4, cx8, cmov, fxsr, ht, mmx, 3dnowpref, sse, sse2, sse3, ssse3, sse4.1, sse4.2, popcnt, lzcnt, tsc, tscinvbit, avx, avx2, aes, erms, clmul, bmi1, bmi2, rtm, adx, fma, vzeroupper, clflush, clflushopt, hv, rdtscp, f16c
Processor Information for the first 8 processors :
  Max Mhz: 1896, Current Mhz: 1696, Mhz Limit: 1687

Memory: 4k page, system-wide physical 16242M (681M free)
TotalPageFile size 16242M (AvailPageFile size 8M)
current process WorkingSet (physical memory assigned to process): 165M, peak: 165M
current process commit charge ("private bytes"): 299M, peak: 299M

vm_info: OpenJDK 64-Bit Server VM (21.0.8+9-LTS) for windows-amd64 JRE (21.0.8+9-LTS), built on 2025-07-15T00:00:00Z by "admin" with MS VC++ 17.7 (VS2022)

END.
